TN:
SF:src/code/1.array-rotate.ts
FN:8,rotateAarry1
FN:22,rotateAarry2
FNF:2
FNH:2
FNDA:4,rotateAarry1
FNDA:4,rotateAarry2
DA:1,1
DA:2,1
DA:3,1
DA:4,1
DA:5,1
DA:6,1
DA:7,1
DA:8,4
DA:9,4
DA:10,4
DA:11,2
DA:12,4
DA:13,6
DA:14,6
DA:15,6
DA:16,6
DA:17,6
DA:18,4
DA:19,4
DA:20,1
DA:21,1
DA:22,4
DA:23,4
DA:24,4
DA:25,2
DA:26,2
DA:27,2
DA:28,2
DA:29,2
DA:30,1
DA:31,1
DA:32,1
DA:33,1
DA:34,1
DA:35,1
DA:36,1
DA:37,1
DA:38,1
DA:39,1
DA:40,1
DA:41,1
DA:42,1
DA:43,1
DA:44,1
DA:45,1
LF:45
LH:45
BRDA:8,0,0,4
BRDA:10,1,0,3
BRDA:10,2,0,2
BRDA:12,3,0,6
BRDA:22,4,0,4
BRDA:24,5,0,3
BRDA:24,6,0,2
BRF:7
BRH:7
end_of_record
TN:
SF:src/code/2.match-brackets.ts
FN:8,isMatch
FN:15,matchBrackets
FNF:2
FNH:2
FNDA:4,isMatch
FNDA:3,matchBrackets
DA:1,1
DA:2,1
DA:3,1
DA:4,1
DA:5,1
DA:6,1
DA:7,1
DA:8,4
DA:9,4
DA:10,4
DA:11,4
DA:12,1
DA:13,1
DA:14,1
DA:15,3
DA:16,3
DA:17,3
DA:18,2
DA:19,2
DA:20,2
DA:21,3
DA:22,22
DA:23,22
DA:24,22
DA:25,6
DA:26,6
DA:27,22
DA:28,22
DA:29,4
DA:30,4
DA:31,3
DA:32,4
DA:33,1
DA:34,1
DA:35,4
DA:36,22
DA:37,1
DA:38,1
DA:39,1
DA:40,1
DA:41,1
DA:42,1
DA:43,1
LF:43
LH:43
BRDA:8,0,0,4
BRDA:9,1,0,1
BRDA:9,2,0,1
BRDA:10,3,0,3
BRDA:10,4,0,1
BRDA:10,5,0,1
BRDA:11,6,0,1
BRDA:15,7,0,3
BRDA:17,8,0,1
BRDA:17,9,0,2
BRDA:21,10,0,22
BRDA:24,11,0,6
BRDA:28,12,0,4
BRDA:30,13,0,3
BRDA:32,14,0,1
BRDA:37,15,0,1
BRF:16
BRH:16
end_of_record
TN:
SF:src/code/3.two-stack-one-queue.ts
FN:6,Queue
FN:10,add
FN:14,delete
FN:35,get length
FNF:4
FNH:4
FNDA:4,Queue
FNDA:9,add
FNDA:5,delete
FNDA:8,get length
DA:1,1
DA:2,1
DA:3,1
DA:4,1
DA:5,1
DA:6,4
DA:7,4
DA:8,4
DA:9,4
DA:10,4
DA:11,9
DA:12,9
DA:13,4
DA:14,4
DA:15,5
DA:16,5
DA:17,5
DA:18,5
DA:19,10
DA:20,10
DA:21,10
DA:22,10
DA:23,10
DA:24,5
DA:25,5
DA:26,5
DA:27,6
DA:28,6
DA:29,6
DA:30,6
DA:31,6
DA:32,4
DA:33,4
DA:34,4
DA:35,4
DA:36,8
DA:37,8
DA:38,4
DA:39,1
DA:40,1
DA:41,1
DA:42,1
DA:43,1
DA:44,1
DA:45,1
DA:46,1
DA:47,1
LF:47
LH:47
BRDA:6,0,0,4
BRDA:10,1,0,9
BRDA:14,2,0,5
BRDA:15,3,0,1
BRDA:18,4,0,10
BRDA:20,5,0,3
BRDA:26,6,0,6
BRDA:28,7,0,2
BRDA:32,8,0,4
BRDA:35,9,0,8
BRF:10
BRH:10
end_of_record
TN:
SF:src/code/4.reverse-link-list.ts
FN:11,createLinkList
FN:29,reverseLinkList
FNF:2
FNH:2
FNDA:1,createLinkList
FNDA:2,reverseLinkList
DA:1,1
DA:2,1
DA:3,1
DA:4,1
DA:5,1
DA:6,1
DA:7,1
DA:8,1
DA:9,1
DA:10,1
DA:11,1
DA:12,1
DA:13,1
DA:14,1
DA:15,1
DA:16,1
DA:17,1
DA:18,1
DA:19,1
DA:20,2
DA:21,2
DA:22,2
DA:23,2
DA:24,2
DA:25,1
DA:26,1
DA:27,1
DA:28,1
DA:29,2
DA:30,2
DA:31,2
DA:32,2
DA:33,2
DA:34,2
DA:35,4
DA:36,1
DA:37,1
DA:38,4
DA:39,1
DA:40,1
DA:41,4
DA:42,4
DA:43,4
DA:44,4
DA:45,2
DA:46,2
DA:47,2
DA:48,2
DA:49,1
DA:50,1
DA:51,1
DA:52,1
LF:52
LH:52
BRDA:11,0,0,1
BRDA:13,1,0,0
BRDA:19,2,0,2
BRDA:29,3,0,2
BRDA:34,4,0,4
BRDA:35,5,0,2
BRDA:35,6,0,1
BRDA:38,7,0,2
BRDA:38,8,0,1
BRF:9
BRH:8
end_of_record
TN:
SF:src/code/5.queue-link-list.ts
FN:10,queueLinkList
FN:17,add
FN:34,delete
FN:46,get length
FNF:4
FNH:4
FNDA:2,queueLinkList
FNDA:6,add
FNDA:4,delete
FNDA:1,get length
DA:1,1
DA:2,1
DA:3,1
DA:4,1
DA:5,1
DA:6,1
DA:7,1
DA:8,1
DA:9,1
DA:10,2
DA:11,2
DA:12,2
DA:13,2
DA:14,2
DA:15,2
DA:16,2
DA:17,2
DA:18,6
DA:19,6
DA:20,6
DA:21,6
DA:22,6
DA:23,6
DA:24,2
DA:25,2
DA:26,6
DA:27,6
DA:28,4
DA:29,4
DA:30,6
DA:31,6
DA:32,6
DA:33,2
DA:34,2
DA:35,4
DA:36,4
DA:37,4
DA:38,4
DA:39,4
DA:40,4
DA:41,4
DA:42,4
DA:43,4
DA:44,4
DA:45,2
DA:46,2
DA:47,1
DA:48,1
DA:49,2
DA:50,1
DA:51,1
DA:52,1
DA:53,1
DA:54,1
DA:55,1
DA:56,1
DA:57,1
DA:58,1
DA:59,1
DA:60,1
DA:61,1
DA:62,1
DA:63,1
DA:64,1
DA:65,1
DA:66,1
DA:67,1
DA:68,1
DA:69,1
DA:70,1
DA:71,1
DA:72,1
DA:73,1
DA:74,1
DA:75,1
DA:76,1
DA:77,1
DA:78,1
DA:79,1
DA:80,1
DA:81,1
DA:82,1
DA:83,1
LF:83
LH:83
BRDA:10,0,0,2
BRDA:17,1,0,6
BRDA:23,2,0,2
BRDA:27,3,0,4
BRDA:34,4,0,4
BRDA:36,5,0,1
BRDA:46,6,0,1
BRF:7
BRH:7
end_of_record
TN:
SF:src/code/6.binary-search.ts
FN:11,brinarySearch1
FN:38,brinarySearch2
FNF:2
FNH:2
FNDA:3,brinarySearch1
FNDA:6,brinarySearch2
DA:1,1
DA:2,1
DA:3,1
DA:4,1
DA:5,1
DA:6,1
DA:7,1
DA:8,1
DA:9,1
DA:10,1
DA:11,3
DA:12,3
DA:13,3
DA:14,3
DA:15,3
DA:16,3
DA:17,3
DA:18,3
DA:19,3
DA:20,3
DA:21,1
DA:22,3
DA:23,1
DA:24,1
DA:25,1
DA:26,1
DA:27,3
DA:28,3
DA:29,3
DA:30,1
DA:31,1
DA:32,1
DA:33,1
DA:34,1
DA:35,1
DA:36,1
DA:37,1
DA:38,6
DA:39,6
DA:40,6
DA:41,6
DA:42,6
DA:43,6
DA:44,6
DA:45,6
DA:46,6
DA:47,6
DA:48,1
DA:49,6
DA:50,1
DA:51,3
DA:52,2
DA:53,2
DA:54,6
DA:55,1
DA:56,1
LF:56
LH:56
BRDA:11,0,0,3
BRDA:13,1,0,1
BRDA:20,2,0,1
BRDA:22,3,0,2
BRDA:22,4,0,1
BRDA:38,5,0,6
BRDA:40,6,0,1
BRDA:41,7,0,5
BRDA:41,8,0,3
BRDA:42,9,0,3
BRDA:44,10,0,1
BRDA:47,11,0,1
BRDA:49,12,0,3
BRDA:49,13,0,1
BRDA:51,14,0,2
BRF:15
BRH:15
end_of_record
