TN:
SF:src/code/5.queue-link-list.ts
FN:10,queueLinkList
FN:17,add
FN:34,delete
FN:43,get length
FNF:4
FNH:4
FNDA:2,queueLinkList
FNDA:6,add
FNDA:4,delete
FNDA:1,get length
DA:1,1
DA:2,1
DA:3,1
DA:4,1
DA:5,1
DA:6,1
DA:7,1
DA:8,1
DA:9,1
DA:10,2
DA:11,2
DA:12,2
DA:13,2
DA:14,2
DA:15,2
DA:16,2
DA:17,2
DA:18,6
DA:19,6
DA:20,6
DA:21,6
DA:22,6
DA:23,6
DA:24,2
DA:25,2
DA:26,6
DA:27,6
DA:28,4
DA:29,4
DA:30,6
DA:31,6
DA:32,6
DA:33,2
DA:34,2
DA:35,4
DA:36,4
DA:37,4
DA:38,4
DA:39,4
DA:40,4
DA:41,4
DA:42,2
DA:43,2
DA:44,1
DA:45,1
DA:46,2
DA:47,1
DA:48,1
DA:49,1
DA:50,1
DA:51,1
DA:52,1
DA:53,1
DA:54,1
DA:55,1
DA:56,1
DA:57,1
DA:58,1
DA:59,1
LF:59
LH:59
BRDA:10,0,0,2
BRDA:17,1,0,6
BRDA:23,2,0,2
BRDA:27,3,0,4
BRDA:34,4,0,4
BRDA:36,5,0,1
BRDA:43,6,0,1
BRF:7
BRH:7
end_of_record
